0 0 0 0 0 0 0 0 0 0 0 0 0 0 0 0 0 0 0 0 0 0 0 0 0 0 0 0 0 0
0 0 0 0 0 0 0 0 0 0 0 0 0 0 0 0 0 0 0 0 0 0 0 0 0 0 0 0 0 0
0 0 0 0 0 0 3 4 4 4 4 4 4 4 4 4 4 4 4 4 4 4 3 0 0 0 0 0 0 0
0 0 0 0 0 0 3 5 5 5 5 6 8 8 8 8 8 6 6 5 5 5 3 0 0 0 0 0 0 0
0 0 0 0 0 0 3 5 5 5 6 7 10 10 10 10 10 8 7 6 5 5 3 0 0 0 0 0 0 0
0 0 0 0 0 0 3 5 5 5 6 8 11 11 11 11 11 9 8 6 5 5 3 0 0 0 0 0 0 0
0 0 0 0 0 0 3 5 5 6 7 9 12 12 12 12 12 10 9 7 6 5 3 0 0 0 0 0 0 0
0 0 0 0 0 0 1 3 3 4 5 7 10 10 10 10 10 8 7 5 4 3 1 0 0 0 0 0 0 0
0 0 0 0 0 0 3 5 5 6 7 9 12 12 12 12 12 10 9 7 6 5 3 0 0 0 0 0 0 0
0 0 0 0 0 0 3 5 5 6 7 9 12 12 12 12 12 10 9 7 6 5 3 0 0 0 0 0 0 0
0 0 0 0 0 0 3 5 5 5 6 7 10 10 10 10 10 8 7 6 5 5 3 0 0 0 0 0 0 0
0 0 0 0 0 0 3 5 5 5 5 6 8 8 8 8 8 6 6 5 5 5 3 0 0 0 0 0 0 0
0 0 0 0 0 0 3 4 4 4 4 4 5 5 5 5 5 4 4 4 4 4 3 0 0 0 0 0 0 0
0 0 0 0 0 0 3 5 5 8 10 12 15 15 14 14 15 13 12 10 8 5 3 0 0 0 0 0 0 0
0 0 0 0 0 0 3 5 5 10 12 14 17 17 16 16 17 15 14 12 10 5 3 0 0 0 0 0 0 0
0 0 0 0 0 0 3 5 5 10 12 14 17 17 16 16 17 15 14 12 10 5 3 0 0 0 0 0 0 0
0 0 0 0 0 0 3 5 5 10 12 14 17 17 16 16 17 15 14 12 10 5 3 0 0 0 0 0 0 0
0 0 0 0 0 0 3 5 5 8 10 12 15 15 14 14 15 13 12 10 8 5 3 0 0 0 0 0 0 0
0 0 0 0 0 0 3 4 4 4 4 4 5 5 5 5 5 4 4 4 4 4 3 0 0 0 0 0 0 0
0 0 0 0 0 0 3 5 5 5 5 5 6 6 6 6 6 5 5 5 5 5 3 0 0 0 0 0 0 0
0 0 0 0 0 0 3 5 5 5 5 6 8 8 8 8 8 6 6 5 5 5 3 0 0 0 0 0 0 0
0 0 0 0 0 0 3 5 5 5 6 7 10 10 10 10 10 8 7 6 5 5 3 0 0 0 0 0 0 0
0 0 0 0 0 0 3 5 5 6 7 9 12 12 12 12 12 10 9 7 6 5 3 0 0 0 0 0 0 0
0 0 0 0 0 0 3 5 5 7 9 11 14 14 14 14 14 12 11 9 7 5 3 0 0 0 0 0 0 0
0 0 0 0 0 0 1 3 3 7 9 11 14 14 13 13 14 12 11 9 7 3 1 0 0 0 0 0 0 0
0 0 0 0 0 0 0 1 1 5 7 9 12 12 11 11 12 10 9 7 5 1 0 0 0 0 0 0 0 0
0 0 0 0 0 0 0 0 0 4 6 8 10 10 9 9 10 9 8 6 4 0 0 0 0 0 0 0 0 0
0 0 0 0 0 0 0 0 0 2 4 5 6 6 6 6 6 6 5 4 2 0 0 0 0 0 0 0 0 0
0 0 0 0 0 0 0 0 0 0 0 0 0 0 0 0 0 0 0 0 0 0 0 0 0 0 0 0 0 0
0 0 0 0 0 0 0 0 0 0 0 0 0 0 0 0 0 0 0 0 0 0 0 0 0 0 0 0 0 0
